<?xml version="1.0" encoding="UTF-8"?>
<!-- Generated by org.testng.reporters.JUnitXMLReporter -->
<testsuite ignored="0" hostname="sidharth" failures="0" tests="4" name="Default test" time="15.345" errors="0" timestamp="2021-09-22T14:49:27 IST">
  <testcase classname="RestAssate.DataDriven_Test" name="PostMethod" time="7.482"/>
  <testcase classname="RestAssate.DataDriven_Test" name="PostMethod" time="2.208"/>
  <testcase classname="RestAssate.DataDriven_Test" name="PostMethod" time="2.232"/>
  <testcase classname="RestAssate.DataDriven_Test" name="PostMethod" time="0.959"/>
</testsuite> <!-- Default test -->
