<?xml version="1.0" encoding="UTF-8"?>
<testng-results ignored="0" total="4" passed="4" failed="0" skipped="0">
  <reporter-output>
  </reporter-output>
  <suite started-at="2021-09-22T14:49:11 IST" name="Default suite" finished-at="2021-09-22T14:49:27 IST" duration-ms="15345">
    <groups>
    </groups>
    <test started-at="2021-09-22T14:49:11 IST" name="Default test" finished-at="2021-09-22T14:49:27 IST" duration-ms="15345">
      <class name="RestAssate.DataDriven_Test">
        <test-method signature="PostMethod(java.lang.String, java.lang.String)[pri:0, instance:RestAssate.DataDriven_Test@4bb33f74]" started-at="2021-09-22T14:49:14 IST" name="PostMethod" data-provider="empdataprovider" finished-at="2021-09-22T14:49:21 IST" duration-ms="7482" status="PASS">
          <params>
            <param index="0">
              <value>
                <![CDATA[857451]]>
              </value>
            </param>
            <param index="1">
              <value>
                <![CDATA[123455]]>
              </value>
            </param>
          </params>
          <reporter-output>
          </reporter-output>
        </test-method> <!-- PostMethod -->
        <test-method signature="PostMethod(java.lang.String, java.lang.String)[pri:0, instance:RestAssate.DataDriven_Test@4bb33f74]" started-at="2021-09-22T14:49:21 IST" name="PostMethod" data-provider="empdataprovider" finished-at="2021-09-22T14:49:23 IST" duration-ms="2208" status="PASS">
          <params>
            <param index="0">
              <value>
                <![CDATA[papulu.rataer]]>
              </value>
            </param>
            <param index="1">
              <value>
                <![CDATA[sidh1234]]>
              </value>
            </param>
          </params>
          <reporter-output>
          </reporter-output>
        </test-method> <!-- PostMethod -->
        <test-method signature="PostMethod(java.lang.String, java.lang.String)[pri:0, instance:RestAssate.DataDriven_Test@4bb33f74]" started-at="2021-09-22T14:49:23 IST" name="PostMethod" data-provider="empdataprovider" finished-at="2021-09-22T14:49:26 IST" duration-ms="2232" status="PASS">
          <params>
            <param index="0">
              <value>
                <![CDATA[papulu.pattanaik@gmail.com]]>
              </value>
            </param>
            <param index="1">
              <value>
                <![CDATA[sidh1234]]>
              </value>
            </param>
          </params>
          <reporter-output>
          </reporter-output>
        </test-method> <!-- PostMethod -->
        <test-method signature="PostMethod(java.lang.String, java.lang.String)[pri:0, instance:RestAssate.DataDriven_Test@4bb33f74]" started-at="2021-09-22T14:49:26 IST" name="PostMethod" data-provider="empdataprovider" finished-at="2021-09-22T14:49:27 IST" duration-ms="959" status="PASS">
          <params>
            <param index="0">
              <value>
                <![CDATA[papulu.pattanaik@gmail.com]]>
              </value>
            </param>
            <param index="1">
              <value>
                <![CDATA[sidharth]]>
              </value>
            </param>
          </params>
          <reporter-output>
          </reporter-output>
        </test-method> <!-- PostMethod -->
      </class> <!-- RestAssate.DataDriven_Test -->
    </test> <!-- Default test -->
  </suite> <!-- Default suite -->
</testng-results>
