<?xml version="1.0" encoding="UTF-8"?>
<testng-results ignored="0" total="1" passed="1" failed="0" skipped="0">
  <reporter-output>
  </reporter-output>
  <suite started-at="2021-09-18T14:57:17 IST" name="Default suite" finished-at="2021-09-18T14:57:25 IST" duration-ms="7909">
    <groups>
    </groups>
    <test started-at="2021-09-18T14:57:17 IST" name="Default test" finished-at="2021-09-18T14:57:25 IST" duration-ms="7909">
      <class name="RestAssate.Class">
        <test-method signature="test()[pri:0, instance:RestAssate.Class@3059cbc]" started-at="2021-09-18T14:57:18 IST" name="test" finished-at="2021-09-18T14:57:25 IST" duration-ms="7725" status="PASS">
          <reporter-output>
          </reporter-output>
        </test-method> <!-- test -->
      </class> <!-- RestAssate.Class -->
    </test> <!-- Default test -->
  </suite> <!-- Default suite -->
</testng-results>
